Magic Leap Test/Library/Bee/Android/Prj/IL2CPP/Gradle/unityLibrary/build/intermediates/manifest_merge_blame_file/release/manifest-merger-blame-release-report.txt
1<?xml version="1.0" encoding="utf-8"?>
2<manifest xmlns:android="http://schemas.android.com/apk/res/android"
3    xmlns:tools="http://schemas.android.com/tools"
4    package="com.unity3d.player" >
5
6    <uses-sdk
7        android:minSdkVersion="29"
7-->src\main\AndroidManifest.xml
8        android:targetSdkVersion="32" />
8-->src\main\AndroidManifest.xml
9
10    <uses-permission android:name="com.magicleap.permission.HAND_TRACKING" />
10-->src\main\AndroidManifest.xml:3:3-76
10-->src\main\AndroidManifest.xml:3:20-73
11    <uses-permission android:name="android.permission.CAMERA" />
11-->src\main\AndroidManifest.xml:4:3-63
11-->src\main\AndroidManifest.xml:4:20-60
12    <uses-permission android:name="android.permission.INTERNET" />
12-->src\main\AndroidManifest.xml:5:3-65
12-->src\main\AndroidManifest.xml:5:20-62
13
14    <uses-feature
14-->src\main\AndroidManifest.xml:6:3-90
15        android:name="android.hardware.vulkan.version"
15-->src\main\AndroidManifest.xml:6:17-63
16        android:required="true" />
16-->src\main\AndroidManifest.xml:6:64-87
17    <uses-feature
17-->src\main\AndroidManifest.xml:7:3-88
18        android:name="android.hardware.touchscreen"
18-->src\main\AndroidManifest.xml:7:17-60
19        android:required="false" />
19-->src\main\AndroidManifest.xml:7:61-85
20    <uses-feature
20-->src\main\AndroidManifest.xml:8:3-99
21        android:name="android.hardware.touchscreen.multitouch"
21-->src\main\AndroidManifest.xml:8:17-71
22        android:required="false" />
22-->src\main\AndroidManifest.xml:8:72-96
23    <uses-feature
23-->src\main\AndroidManifest.xml:9:3-108
24        android:name="android.hardware.touchscreen.multitouch.distinct"
24-->src\main\AndroidManifest.xml:9:17-80
25        android:required="false" />
25-->src\main\AndroidManifest.xml:9:81-105
26
27    <uses-permission android:name="org.khronos.openxr.permission.OPENXR_SYSTEM" />
27-->src\main\AndroidManifest.xml:28:3-81
27-->src\main\AndroidManifest.xml:28:20-78
28
29    <application android:extractNativeLibs="true" >
29-->src\main\AndroidManifest.xml:10:3-27:17
29-->src\main\AndroidManifest.xml:10:16-48
30        <meta-data
30-->src\main\AndroidManifest.xml:11:5-69
31            android:name="unity.splash-mode"
31-->src\main\AndroidManifest.xml:11:16-48
32            android:value="0" />
32-->src\main\AndroidManifest.xml:11:49-66
33        <meta-data
33-->src\main\AndroidManifest.xml:12:5-74
34            android:name="unity.splash-enable"
34-->src\main\AndroidManifest.xml:12:16-50
35            android:value="True" />
35-->src\main\AndroidManifest.xml:12:51-71
36        <meta-data
36-->src\main\AndroidManifest.xml:13:5-78
37            android:name="unity.launch-fullscreen"
37-->src\main\AndroidManifest.xml:13:16-54
38            android:value="True" />
38-->src\main\AndroidManifest.xml:13:55-75
39        <meta-data
39-->src\main\AndroidManifest.xml:14:5-84
40            android:name="unity.allow-resizable-window"
40-->src\main\AndroidManifest.xml:14:16-59
41            android:value="False" />
41-->src\main\AndroidManifest.xml:14:60-81
42        <meta-data
42-->src\main\AndroidManifest.xml:15:5-81
43            android:name="notch.config"
43-->src\main\AndroidManifest.xml:15:16-43
44            android:value="portrait|landscape" />
44-->src\main\AndroidManifest.xml:15:44-78
45        <meta-data
45-->src\main\AndroidManifest.xml:16:5-84
46            android:name="unity.auto-report-fully-drawn"
46-->src\main\AndroidManifest.xml:16:16-60
47            android:value="true" />
47-->src\main\AndroidManifest.xml:16:61-81
48
49        <activity
49-->src\main\AndroidManifest.xml:17:5-26:16
50            android:name="com.unity3d.player.UnityPlayerActivity"
50-->src\main\AndroidManifest.xml:17:15-68
51            android:configChanges="mcc|mnc|locale|touchscreen|keyboard|keyboardHidden|navigation|orientation|screenLayout|uiMode|screenSize|smallestScreenSize|fontScale|layoutDirection|density"
51-->src\main\AndroidManifest.xml:17:180-361
52            android:exported="true"
52-->src\main\AndroidManifest.xml:17:433-456
53            android:hardwareAccelerated="false"
53-->src\main\AndroidManifest.xml:17:397-432
54            android:launchMode="singleTask"
54-->src\main\AndroidManifest.xml:17:148-179
55            android:resizeableActivity="false"
55-->src\main\AndroidManifest.xml:17:362-396
56            android:screenOrientation="fullUser"
56-->src\main\AndroidManifest.xml:17:111-147
57            android:theme="@style/UnityThemeSelector" >
57-->src\main\AndroidManifest.xml:17:69-110
58            <intent-filter>
58-->src\main\AndroidManifest.xml:18:7-23:23
59                <category android:name="android.intent.category.LAUNCHER" />
59-->src\main\AndroidManifest.xml:19:9-69
59-->src\main\AndroidManifest.xml:19:19-66
60
61                <action android:name="android.intent.action.MAIN" />
61-->src\main\AndroidManifest.xml:20:9-61
61-->src\main\AndroidManifest.xml:20:17-58
62
63                <category android:name="org.khronos.openxr.intent.category.IMMERSIVE_HMD" />
63-->src\main\AndroidManifest.xml:21:9-85
63-->src\main\AndroidManifest.xml:21:19-82
64                <category android:name="com.oculus.intent.category.VR" />
64-->src\main\AndroidManifest.xml:22:9-66
64-->src\main\AndroidManifest.xml:22:19-63
65            </intent-filter>
66
67            <meta-data
67-->src\main\AndroidManifest.xml:24:7-82
68                android:name="unityplayer.UnityActivity"
68-->src\main\AndroidManifest.xml:24:18-58
69                android:value="true" />
69-->src\main\AndroidManifest.xml:24:59-79
70            <meta-data
70-->src\main\AndroidManifest.xml:25:7-70
71                android:name="notch_support"
71-->src\main\AndroidManifest.xml:25:18-46
72                android:value="true" />
72-->src\main\AndroidManifest.xml:25:47-67
73        </activity>
74    </application>
75
76</manifest>